\BOOKMARK [1][-]{section.1}{\376\377\116\011\211\322\121\375\145\160}{}% 1
\BOOKMARK [2][-]{subsection.1.1}{\376\377\176\310\217\271\116\000\160\271}{section.1}% 2
\BOOKMARK [2][-]{subsection.1.2}{\376\377\136\163\171\373}{section.1}% 3
\BOOKMARK [2][-]{subsection.1.3}{\376\377\000s\000i\000n\124\214\000c\000o\000s\000\040\116\222\123\026}{section.1}% 4
\BOOKMARK [2][-]{subsection.1.4}{\376\377\123\072\225\364\121\205\147\000\120\074\000,\120\074\127\337}{section.1}% 5
\BOOKMARK [2][-]{subsection.1.5}{\376\377\117\070\177\051\123\330\143\142}{section.1}% 6
\BOOKMARK [2][-]{subsection.1.6}{\376\377\133\371\171\360\116\055\137\303\000,\133\371\171\360\217\164\000,\123\125\214\003\123\072\225\364}{section.1}% 7
\BOOKMARK [2][-]{subsection.1.7}{\376\377\000s\000i\000n\000x\126\376\120\317\177\373\217\154}{section.1}% 8
\BOOKMARK [2][-]{subsection.1.8}{\376\377\226\366\160\271\116\052\145\160}{section.1}% 9
\BOOKMARK [1][-]{section.2}{\376\377\153\143\117\131\137\046}{}% 10
\BOOKMARK [2][-]{subsection.2.1}{\376\377\153\143\137\046\133\232\164\006\000\050\131\032\211\343\123\326\202\015\000\051}{section.2}% 11
\BOOKMARK [2][-]{subsection.2.2}{\376\377\211\322\123\026\217\271\000,\217\271\123\026\211\322\000,\211\322\123\026\211\322}{section.2}% 12
\BOOKMARK [2][-]{subsection.2.3}{\376\377\116\011\211\322\137\142\137\142\162\266\000\050\213\250\213\272\000n\171\315\140\305\121\265\000\051}{section.2}% 13
\BOOKMARK [2][-]{subsection.2.4}{\376\377\135\362\167\345\116\011\217\271\122\044\145\255\116\011\211\322\137\142\137\142\162\266}{section.2}% 14
\BOOKMARK [1][-]{section.3}{\376\377\124\021\221\317}{}% 15
\BOOKMARK [2][-]{subsection.3.1}{\376\377\176\335\133\371\120\074}{section.3}% 16
\BOOKMARK [2][-]{subsection.3.2}{\376\377\131\071\211\322\225\020\211\322\224\235\211\322}{section.3}% 17
\BOOKMARK [2][-]{subsection.3.3}{\376\377\127\372\170\100\126\376\137\142\000\050\164\006\000\051}{section.3}% 18
\BOOKMARK [2][-]{subsection.3.4}{\376\377\127\372\136\225\136\372\152\041\154\325\000\050\164\006\000\051}{section.3}% 19
\BOOKMARK [1][-]{section.4}{\376\377\145\160\122\027}{}% 20
\BOOKMARK [2][-]{subsection.4.1}{\376\377\122\006\137\017\145\160\122\027\000\040\123\125\214\003\140\047}{section.4}% 21
\BOOKMARK [2][-]{subsection.4.2}{\376\377\122\006\153\265\145\160\122\027\000\040\123\125\214\003\140\047}{section.4}% 22
\BOOKMARK [2][-]{subsection.4.3}{\376\377\116\000\202\054\145\160\122\027\000\040\123\125\214\003\140\047}{section.4}% 23
